<?xml version="1.0" encoding="UTF-8"?>
<testng-results skipped="0" failed="0" total="0" passed="0">
  <reporter-output>
  </reporter-output>
  <suite name="HostelworldFramework.pageObjects.AppTest" duration-ms="5" started-at="2016-06-10T13:44:25Z" finished-at="2016-06-10T13:44:25Z">
    <groups>
    </groups>
    <test name="Command line test" duration-ms="5" started-at="2016-06-10T13:44:25Z" finished-at="2016-06-10T13:44:25Z">
    </test> <!-- Command line test -->
  </suite> <!-- HostelworldFramework.pageObjects.AppTest -->
</testng-results>
